I, [2014-11-11T11:23:37.078234 #15118]  INFO -- Kitchen: -----> Starting Kitchen (v1.2.1)
I, [2014-11-11T11:23:37.494588 #15118]  INFO -- Kitchen: -----> Creating <default-centos7>...
I, [2014-11-11T11:24:15.462802 #15118]  INFO -- Kitchen: -----> Converging <default-centos7>...
E, [2014-11-11T11:24:59.782155 #15118] ERROR -- Kitchen: Converge failed on instance <default-centos7>.
I, [2014-11-11T11:25:24.744961 #15281]  INFO -- Kitchen: -----> Starting Kitchen (v1.2.1)
I, [2014-11-11T11:25:25.006137 #15281]  INFO -- Kitchen: -----> Converging <default-centos7>...
E, [2014-11-11T11:25:26.936677 #15281] ERROR -- Kitchen: Converge failed on instance <default-centos7>.
I, [2014-11-11T11:25:45.878094 #15320]  INFO -- Kitchen: -----> Starting Kitchen (v1.2.1)
I, [2014-11-11T11:25:46.133202 #15320]  INFO -- Kitchen: -----> Converging <default-centos7>...
E, [2014-11-11T11:25:48.035455 #15320] ERROR -- Kitchen: Converge failed on instance <default-centos7>.
I, [2014-11-11T11:27:13.954364 #15364]  INFO -- Kitchen: -----> Starting Kitchen (v1.2.1)
I, [2014-11-11T11:27:14.201615 #15364]  INFO -- Kitchen: -----> Converging <default-centos7>...
E, [2014-11-11T11:27:16.179126 #15364] ERROR -- Kitchen: Converge failed on instance <default-centos7>.
I, [2014-11-11T11:28:26.075768 #15406]  INFO -- Kitchen: -----> Starting Kitchen (v1.2.1)
I, [2014-11-11T11:28:26.324775 #15406]  INFO -- Kitchen: -----> Converging <default-centos7>...
E, [2014-11-11T11:28:28.240663 #15406] ERROR -- Kitchen: Converge failed on instance <default-centos7>.
I, [2014-11-11T11:30:33.963569 #15452]  INFO -- Kitchen: -----> Starting Kitchen (v1.2.1)
I, [2014-11-11T11:30:34.225574 #15452]  INFO -- Kitchen: -----> Converging <default-centos7>...
E, [2014-11-11T11:30:36.226427 #15452] ERROR -- Kitchen: Converge failed on instance <default-centos7>.
I, [2014-11-11T11:32:32.287329 #15498]  INFO -- Kitchen: -----> Starting Kitchen (v1.2.1)
I, [2014-11-11T11:32:32.524397 #15498]  INFO -- Kitchen: -----> Converging <default-centos7>...
E, [2014-11-11T11:32:34.426528 #15498] ERROR -- Kitchen: Converge failed on instance <default-centos7>.
I, [2014-11-11T11:34:50.523488 #15543]  INFO -- Kitchen: -----> Starting Kitchen (v1.2.1)
I, [2014-11-11T11:34:50.772051 #15543]  INFO -- Kitchen: -----> Converging <default-centos7>...
E, [2014-11-11T11:34:52.765324 #15543] ERROR -- Kitchen: Converge failed on instance <default-centos7>.
I, [2014-11-11T11:42:00.085033 #15610]  INFO -- Kitchen: -----> Starting Kitchen (v1.2.1)
I, [2014-11-11T11:42:00.337604 #15610]  INFO -- Kitchen: -----> Converging <default-centos7>...
E, [2014-11-11T11:42:02.359905 #15610] ERROR -- Kitchen: Converge failed on instance <default-centos7>.
I, [2014-11-11T11:42:18.359836 #15649]  INFO -- Kitchen: -----> Starting Kitchen (v1.2.1)
I, [2014-11-11T11:42:18.619953 #15649]  INFO -- Kitchen: -----> Converging <default-centos7>...
E, [2014-11-11T11:42:20.556360 #15649] ERROR -- Kitchen: Converge failed on instance <default-centos7>.
I, [2014-11-11T11:51:50.622957 #15742]  INFO -- Kitchen: -----> Starting Kitchen (v1.2.1)
I, [2014-11-11T11:51:50.868810 #15742]  INFO -- Kitchen: -----> Converging <default-centos7>...
E, [2014-11-11T11:51:52.862454 #15742] ERROR -- Kitchen: Converge failed on instance <default-centos7>.
I, [2014-11-11T11:52:45.522685 #15785]  INFO -- Kitchen: -----> Starting Kitchen (v1.2.1)
I, [2014-11-11T11:52:45.767568 #15785]  INFO -- Kitchen: -----> Converging <default-centos7>...
E, [2014-11-11T11:52:47.680455 #15785] ERROR -- Kitchen: Converge failed on instance <default-centos7>.
I, [2014-11-11T11:55:39.572800 #15836]  INFO -- Kitchen: -----> Starting Kitchen (v1.2.1)
I, [2014-11-11T11:55:39.822671 #15836]  INFO -- Kitchen: -----> Converging <default-centos7>...
E, [2014-11-11T11:55:41.793333 #15836] ERROR -- Kitchen: Converge failed on instance <default-centos7>.
I, [2014-11-11T11:56:10.175796 #15878]  INFO -- Kitchen: -----> Starting Kitchen (v1.2.1)
I, [2014-11-11T11:56:10.423172 #15878]  INFO -- Kitchen: -----> Converging <default-centos7>...
I, [2014-11-11T11:56:12.366278 #15878]  INFO -- Kitchen: -----> Kitchen is finished. (0m2.19s)
I, [2014-11-11T11:59:10.696312 #15926]  INFO -- Kitchen: -----> Starting Kitchen (v1.2.1)
I, [2014-11-11T11:59:10.931257 #15926]  INFO -- Kitchen: -----> Converging <default-centos7>...
E, [2014-11-11T11:59:12.896205 #15926] ERROR -- Kitchen: Converge failed on instance <default-centos7>.
I, [2014-11-11T11:59:31.356172 #15965]  INFO -- Kitchen: -----> Starting Kitchen (v1.2.1)
I, [2014-11-11T11:59:31.612944 #15965]  INFO -- Kitchen: -----> Converging <default-centos7>...
I, [2014-11-11T11:59:33.507909 #15965]  INFO -- Kitchen: -----> Kitchen is finished. (0m2.15s)
I, [2014-11-11T12:00:17.988043 #16006]  INFO -- Kitchen: -----> Starting Kitchen (v1.2.1)
I, [2014-11-11T12:00:18.243439 #16006]  INFO -- Kitchen: -----> Converging <default-centos7>...
I, [2014-11-11T12:00:20.106279 #16006]  INFO -- Kitchen: -----> Kitchen is finished. (0m2.12s)
I, [2014-11-11T12:01:00.495780 #16098]  INFO -- Kitchen: -----> Starting Kitchen (v1.2.1)
I, [2014-11-11T12:01:00.742171 #16098]  INFO -- Kitchen: -----> Converging <default-centos7>...
I, [2014-11-11T12:01:02.673159 #16098]  INFO -- Kitchen: -----> Kitchen is finished. (0m2.18s)
I, [2014-11-11T12:03:37.720936 #16143]  INFO -- Kitchen: -----> Starting Kitchen (v1.2.1)
I, [2014-11-11T12:03:37.971793 #16143]  INFO -- Kitchen: -----> Converging <default-centos7>...
E, [2014-11-11T12:03:40.033038 #16143] ERROR -- Kitchen: Converge failed on instance <default-centos7>.
I, [2014-11-11T12:03:59.608987 #16183]  INFO -- Kitchen: -----> Starting Kitchen (v1.2.1)
I, [2014-11-11T12:03:59.847850 #16183]  INFO -- Kitchen: -----> Converging <default-centos7>...
I, [2014-11-11T12:04:01.750984 #16183]  INFO -- Kitchen: -----> Kitchen is finished. (0m2.14s)
I, [2014-11-11T12:04:32.162481 #16223]  INFO -- Kitchen: -----> Starting Kitchen (v1.2.1)
I, [2014-11-11T12:04:32.407121 #16223]  INFO -- Kitchen: -----> Converging <default-centos7>...
I, [2014-11-11T12:04:34.336298 #16223]  INFO -- Kitchen: -----> Kitchen is finished. (0m2.17s)
I, [2014-11-11T12:05:23.417217 #16265]  INFO -- Kitchen: -----> Starting Kitchen (v1.2.1)
I, [2014-11-11T12:05:23.659241 #16265]  INFO -- Kitchen: -----> Converging <default-centos7>...
I, [2014-11-11T12:05:25.549871 #16265]  INFO -- Kitchen: -----> Kitchen is finished. (0m2.13s)
I, [2014-11-11T12:06:16.742858 #16307]  INFO -- Kitchen: -----> Starting Kitchen (v1.2.1)
I, [2014-11-11T12:06:16.988813 #16307]  INFO -- Kitchen: -----> Converging <default-centos7>...
I, [2014-11-11T12:06:19.046053 #16307]  INFO -- Kitchen: -----> Kitchen is finished. (0m2.30s)
I, [2014-11-11T12:14:05.396051 #16388]  INFO -- Kitchen: -----> Starting Kitchen (v1.2.1)
I, [2014-11-11T12:14:05.642919 #16388]  INFO -- Kitchen: -----> Converging <default-centos7>...
E, [2014-11-11T12:14:07.644111 #16388] ERROR -- Kitchen: Converge failed on instance <default-centos7>.
I, [2014-11-11T12:14:46.004542 #16427]  INFO -- Kitchen: -----> Starting Kitchen (v1.2.1)
I, [2014-11-11T12:14:46.244207 #16427]  INFO -- Kitchen: -----> Converging <default-centos7>...
I, [2014-11-11T12:14:48.155468 #16427]  INFO -- Kitchen: -----> Kitchen is finished. (0m2.15s)
I, [2014-11-11T12:34:27.282342 #16548]  INFO -- Kitchen: -----> Starting Kitchen (v1.2.1)
I, [2014-11-11T12:34:27.531568 #16548]  INFO -- Kitchen: -----> Converging <default-centos7>...
I, [2014-11-11T12:34:29.677151 #16548]  INFO -- Kitchen: -----> Kitchen is finished. (0m2.39s)
I, [2014-11-11T13:07:13.433692 #16710]  INFO -- Kitchen: -----> Starting Kitchen (v1.2.1)
I, [2014-11-11T13:07:13.742161 #16710]  INFO -- Kitchen: -----> Converging <default-centos7>...
I, [2014-11-11T13:07:15.704638 #16710]  INFO -- Kitchen: -----> Kitchen is finished. (0m2.27s)
I, [2014-11-11T13:07:21.919888 #16750]  INFO -- Kitchen: -----> Starting Kitchen (v1.2.1)
I, [2014-11-11T13:07:22.181873 #16750]  INFO -- Kitchen: -----> Converging <default-centos7>...
I, [2014-11-11T13:07:24.089239 #16750]  INFO -- Kitchen: -----> Kitchen is finished. (0m2.17s)
I, [2014-11-11T13:14:19.185814 #16816]  INFO -- Kitchen: -----> Starting Kitchen (v1.2.1)
I, [2014-11-11T13:14:19.433872 #16816]  INFO -- Kitchen: -----> Converging <default-centos7>...
E, [2014-11-11T13:14:21.412081 #16816] ERROR -- Kitchen: Converge failed on instance <default-centos7>.
I, [2014-11-11T13:15:16.951553 #16857]  INFO -- Kitchen: -----> Starting Kitchen (v1.2.1)
I, [2014-11-11T13:15:17.196301 #16857]  INFO -- Kitchen: -----> Converging <default-centos7>...
E, [2014-11-11T13:15:19.068784 #16857] ERROR -- Kitchen: Converge failed on instance <default-centos7>.
I, [2014-11-11T13:16:22.287456 #16899]  INFO -- Kitchen: -----> Starting Kitchen (v1.2.1)
I, [2014-11-11T13:16:22.536524 #16899]  INFO -- Kitchen: -----> Converging <default-centos7>...
E, [2014-11-11T13:16:24.753737 #16899] ERROR -- Kitchen: Converge failed on instance <default-centos7>.
I, [2014-11-11T13:58:56.456757 #17118]  INFO -- Kitchen: -----> Starting Kitchen (v1.2.1)
I, [2014-11-11T13:58:56.830793 #17118]  INFO -- Kitchen: -----> Converging <default-centos7>...
E, [2014-11-11T13:58:58.874461 #17118] ERROR -- Kitchen: Converge failed on instance <default-centos7>.
I, [2014-11-11T13:59:23.536525 #17157]  INFO -- Kitchen: -----> Starting Kitchen (v1.2.1)
I, [2014-11-11T13:59:23.778659 #17157]  INFO -- Kitchen: -----> Converging <default-centos7>...
I, [2014-11-11T13:59:25.758308 #17157]  INFO -- Kitchen: -----> Kitchen is finished. (0m2.22s)
I, [2014-11-11T14:02:52.442626 #17251]  INFO -- Kitchen: -----> Starting Kitchen (v1.2.1)
I, [2014-11-11T14:02:52.678313 #17251]  INFO -- Kitchen: -----> Converging <default-centos7>...
E, [2014-11-11T14:02:54.610357 #17251] ERROR -- Kitchen: Converge failed on instance <default-centos7>.
I, [2014-11-11T14:03:48.333532 #17293]  INFO -- Kitchen: -----> Starting Kitchen (v1.2.1)
I, [2014-11-11T14:03:48.579750 #17293]  INFO -- Kitchen: -----> Converging <default-centos7>...
I, [2014-11-11T14:03:50.461328 #17293]  INFO -- Kitchen: -----> Kitchen is finished. (0m2.13s)
